<?xml version="1.0" encoding="UTF-8"?>
<!-- Generated by org.testng.reporters.JUnitXMLReporter -->
<testsuite hostname="INQ69CAI5B4JG32" ignored="0" name="HMC_Stage" tests="21" failures="0" timestamp="29 Apr 2019 13:40:57 GMT" time="190.697" errors="0">
  <testcase name="HMC_login" time="7.241" classname="com.te.test.Hybris_SmokeTest"/>
  <testcase name="Search_TCPN" time="22.072" classname="com.te.test.Hybris_SmokeTest"/>
  <testcase name="Verify_TimeModifiedFieldTest" time="3.217" classname="com.te.test.Hybris_SmokeTest"/>
  <testcase name="Verify_ImagesTabTest" time="2.811" classname="com.te.test.Hybris_SmokeTest"/>
  <testcase name="Verify_LegacyStatusTest" time="2.693" classname="com.te.test.Hybris_SmokeTest"/>
  <testcase name="Verify_PromoteStatusTest" time="0.07" classname="com.te.test.Hybris_SmokeTest"/>
  <testcase name="Verify_ReleaseStatusTest" time="0.04" classname="com.te.test.Hybris_SmokeTest"/>
  <testcase name="Verify_UniversalComplianceAttributesTest" time="0.067" classname="com.te.test.Hybris_SmokeTest"/>
  <testcase name="Verify_LocalComplianceAttributesTest" time="70.625" classname="com.te.test.Hybris_SmokeTest"/>
  <testcase name="Verify_DMtechDocsTest" time="3.964" classname="com.te.test.Hybris_SmokeTest"/>
  <testcase name="Verify_CPRandSAPAttributes" time="2.871" classname="com.te.test.Hybris_SmokeTest"/>
  <testcase name="Verify_SamplesTabTest" time="2.691" classname="com.te.test.Hybris_SmokeTest"/>
  <testcase name="Verify_RestrictedPartsTest" time="12.525" classname="com.te.test.Hybris_SmokeTest"/>
  <testcase name="Verify_BlankSearchTest" time="0.001" classname="com.te.test.Hybris_SmokeTest"/>
  <testcase name="Verify_NavigationalAtrriOnCategoryLinkTest" time="27.255" classname="com.te.test.Hybris_SmokeTest"/>
  <testcase name="Verify_GlobalAtrriOnCategoryLinkTest" time="0.092" classname="com.te.test.Hybris_SmokeTest"/>
  <testcase name="Verify_FacetSchemaLinkTest" time="0.002" classname="com.te.test.Hybris_SmokeTest"/>
  <testcase name="Verify_FacetChangeLogTest" time="0.001" classname="com.te.test.Hybris_SmokeTest"/>
  <testcase name="Verify_BUandBU_ContactField" time="6.21" classname="com.te.test.Hybris_SmokeTest"/>
  <testcase name="Verify_CronJobs" time="18.629" classname="com.te.test.Hybris_SmokeTest"/>
  <testcase name="verify_CloseSession" time="6.873" classname="com.te.test.Hybris_SmokeTest"/>
</testsuite> <!-- HMC_Stage -->
