<?xml version="1.0" encoding="UTF-8"?>
<!-- Generated by org.testng.reporters.JUnitXMLReporter -->
<testsuite hostname="INQ69CAI5B4JG32" ignored="0" name="ProductCockpit_Stage" tests="8" failures="0" timestamp="29 Apr 2019 13:42:22 GMT" time="84.882" errors="0">
  <testcase name="PC_loginTest" time="13.961" classname="com.te.test.ProductCockpit_SmokeTest"/>
  <testcase name="PC_SearchTest" time="14.689" classname="com.te.test.ProductCockpit_SmokeTest"/>
  <testcase name="PC_ImageGroupTest" time="0.081" classname="com.te.test.ProductCockpit_SmokeTest"/>
  <testcase name="PC_CPRAttributeTest" time="0.458" classname="com.te.test.ProductCockpit_SmokeTest"/>
  <testcase name="PC_ComplianceAttrTest" time="0.06" classname="com.te.test.ProductCockpit_SmokeTest"/>
  <testcase name="PC_SamplesTest" time="0.031" classname="com.te.test.ProductCockpit_SmokeTest"/>
  <testcase name="PC_SamplesIndicatorVerifyPencilButtonTest" time="13.945" classname="com.te.test.ProductCockpit_SmokeTest"/>
  <testcase name="PC_AdvancedSearch" time="41.495" classname="com.te.test.ProductCockpit_SmokeTest"/>
</testsuite> <!-- ProductCockpit_Stage -->
