<?xml version="1.0" encoding="UTF-8"?>
<!-- Generated by org.testng.reporters.JUnitXMLReporter -->
<testsuite hostname="INQ69CAI5B4JG32" ignored="0" name="HMC_Stage" tests="21" failures="0" timestamp="23 Apr 2019 14:19:56 GMT" time="219.912" errors="0">
  <testcase name="HMC_login" time="7.498" classname="com.te.test.Hybris_SmokeTest"/>
  <testcase name="Search_TCPN" time="24.916" classname="com.te.test.Hybris_SmokeTest"/>
  <testcase name="Verify_TimeModifiedFieldTest" time="3.625" classname="com.te.test.Hybris_SmokeTest"/>
  <testcase name="Verify_ImagesTabTest" time="2.864" classname="com.te.test.Hybris_SmokeTest"/>
  <testcase name="Verify_LegacyStatusTest" time="2.989" classname="com.te.test.Hybris_SmokeTest"/>
  <testcase name="Verify_PromoteStatusTest" time="0.051" classname="com.te.test.Hybris_SmokeTest"/>
  <testcase name="Verify_ReleaseStatusTest" time="0.055" classname="com.te.test.Hybris_SmokeTest"/>
  <testcase name="Verify_UniversalComplianceAttributesTest" time="0.119" classname="com.te.test.Hybris_SmokeTest"/>
  <testcase name="Verify_LocalComplianceAttributesTest" time="72.218" classname="com.te.test.Hybris_SmokeTest"/>
  <testcase name="Verify_DMtechDocsTest" time="4.362" classname="com.te.test.Hybris_SmokeTest"/>
  <testcase name="Verify_CPRandSAPAttributes" time="3.139" classname="com.te.test.Hybris_SmokeTest"/>
  <testcase name="Verify_SamplesTabTest" time="2.83" classname="com.te.test.Hybris_SmokeTest"/>
  <testcase name="Verify_RestrictedPartsTest" time="13.761" classname="com.te.test.Hybris_SmokeTest"/>
  <testcase name="Verify_BlankSearchTest" time="17.953" classname="com.te.test.Hybris_SmokeTest"/>
  <testcase name="Verify_NavigationalAtrriOnCategoryLinkTest" time="26.934" classname="com.te.test.Hybris_SmokeTest"/>
  <testcase name="Verify_GlobalAtrriOnCategoryLinkTest" time="0.142" classname="com.te.test.Hybris_SmokeTest"/>
  <testcase name="Verify_FacetSchemaLinkTest" time="0.0" classname="com.te.test.Hybris_SmokeTest"/>
  <testcase name="Verify_FacetChangeLogTest" time="0.001" classname="com.te.test.Hybris_SmokeTest"/>
  <testcase name="Verify_BUandBU_ContactField" time="6.818" classname="com.te.test.Hybris_SmokeTest"/>
  <testcase name="Verify_CronJobs" time="21.608" classname="com.te.test.Hybris_SmokeTest"/>
  <testcase name="verify_CloseSession" time="7.066" classname="com.te.test.Hybris_SmokeTest"/>
</testsuite> <!-- HMC_Stage -->
