<?xml version="1.0" encoding="UTF-8"?>
<!-- Generated by org.testng.reporters.JUnitXMLReporter -->
<testsuite hostname="INQ69CAI5B4JG32" ignored="0" name="ProductCockpit_Stage" tests="8" failures="0" timestamp="23 Apr 2019 14:21:41 GMT" time="105.558" errors="0">
  <testcase name="PC_loginTest" time="35.232" classname="com.te.test.ProductCockpit_SmokeTest"/>
  <testcase name="PC_SearchTest" time="19.076" classname="com.te.test.ProductCockpit_SmokeTest"/>
  <testcase name="PC_ImageGroupTest" time="0.108" classname="com.te.test.ProductCockpit_SmokeTest"/>
  <testcase name="PC_CPRAttributeTest" time="0.509" classname="com.te.test.ProductCockpit_SmokeTest"/>
  <testcase name="PC_ComplianceAttrTest" time="0.088" classname="com.te.test.ProductCockpit_SmokeTest"/>
  <testcase name="PC_SamplesTest" time="0.109" classname="com.te.test.ProductCockpit_SmokeTest"/>
  <testcase name="PC_SamplesIndicatorVerifyPencilButtonTest" time="14.069" classname="com.te.test.ProductCockpit_SmokeTest"/>
  <testcase name="PC_AdvancedSearch" time="36.263" classname="com.te.test.ProductCockpit_SmokeTest"/>
</testsuite> <!-- ProductCockpit_Stage -->
